<?xml version="1.0" encoding="UTF-8" standalone="no"?>
<testsuite errors="0" failures="3" name="io.cucumber.core.plugin.JUnitFormatter" skipped="0" tests="13" time="314.36">
    <testcase classname="user must be able to open site and push register" name="user open browser and push register" time="24.007">
        <failure message="no such element: Unable to locate element: {&quot;method&quot;:&quot;css selector&quot;,&quot;selector&quot;:&quot;.result&quot;}&#10;  (Session info: chrome=102.0.5005.63)&#10;For documentation on this error, please visit: https://selenium.dev/exceptions/#no_such_element&#10;Build info: version: '4.1.4', revision: '535d840ee2'&#10;System info: host: 'DESKTOP-K9V2CIR', ip: '192.168.1.4', os.name: 'Windows 11', os.arch: 'amd64', os.version: '10.0', java.version: '18.0.1.1'&#10;Driver info: org.openqa.selenium.chrome.ChromeDriver&#10;Command: [0e77de9980e68b62a83cc04c3d4099df, findElement {using=class name, value=result}]&#10;Capabilities {acceptInsecureCerts: false, browserName: chrome, browserVersion: 102.0.5005.63, chrome: {chromedriverVersion: 101.0.4951.41 (93c720db8323..., userDataDir: C:\Users\MAMO\AppData\Local...}, goog:chromeOptions: {debuggerAddress: localhost:50238}, javascriptEnabled: true, networkConnectionEnabled: false, pageLoadStrategy: normal, platform: WINDOWS, platformName: WINDOWS, proxy: Proxy(), se:cdp: ws://localhost:50238/devtoo..., se:cdpVersion: 102.0.5005.63, setWindowRect: true, strictFileInteractability: false, timeouts: {implicit: 0, pageLoad: 300000, script: 30000}, unhandledPromptBehavior: dismiss and notify, webauthn:extension:credBlob: true, webauthn:extension:largeBlob: true, webauthn:virtualAuthenticators: true}&#10;Session ID: 0e77de9980e68b62a83cc04c3d4099df" type="org.openqa.selenium.NoSuchElementException"><![CDATA[When user register..........................................................passed
Then user could register successfully.......................................failed

StackTrace:
org.openqa.selenium.NoSuchElementException: no such element: Unable to locate element: {"method":"css selector","selector":".result"}
  (Session info: chrome=102.0.5005.63)
For documentation on this error, please visit: https://selenium.dev/exceptions/#no_such_element
Build info: version: '4.1.4', revision: '535d840ee2'
System info: host: 'DESKTOP-K9V2CIR', ip: '192.168.1.4', os.name: 'Windows 11', os.arch: 'amd64', os.version: '10.0', java.version: '18.0.1.1'
Driver info: org.openqa.selenium.chrome.ChromeDriver
Command: [0e77de9980e68b62a83cc04c3d4099df, findElement {using=class name, value=result}]
Capabilities {acceptInsecureCerts: false, browserName: chrome, browserVersion: 102.0.5005.63, chrome: {chromedriverVersion: 101.0.4951.41 (93c720db8323..., userDataDir: C:\Users\MAMO\AppData\Local...}, goog:chromeOptions: {debuggerAddress: localhost:50238}, javascriptEnabled: true, networkConnectionEnabled: false, pageLoadStrategy: normal, platform: WINDOWS, platformName: WINDOWS, proxy: Proxy(), se:cdp: ws://localhost:50238/devtoo..., se:cdpVersion: 102.0.5005.63, setWindowRect: true, strictFileInteractability: false, timeouts: {implicit: 0, pageLoad: 300000, script: 30000}, unhandledPromptBehavior: dismiss and notify, webauthn:extension:credBlob: true, webauthn:extension:largeBlob: true, webauthn:virtualAuthenticators: true}
Session ID: 0e77de9980e68b62a83cc04c3d4099df
	at java.base/jdk.internal.reflect.DirectConstructorHandleAccessor.newInstance(DirectConstructorHandleAccessor.java:67)
	at java.base/java.lang.reflect.Constructor.newInstanceWithCaller(Constructor.java:499)
	at java.base/java.lang.reflect.Constructor.newInstance(Constructor.java:483)
	at org.openqa.selenium.remote.codec.w3c.W3CHttpResponseCodec.createException(W3CHttpResponseCodec.java:200)
	at org.openqa.selenium.remote.codec.w3c.W3CHttpResponseCodec.decode(W3CHttpResponseCodec.java:133)
	at org.openqa.selenium.remote.codec.w3c.W3CHttpResponseCodec.decode(W3CHttpResponseCodec.java:53)
	at org.openqa.selenium.remote.HttpCommandExecutor.execute(HttpCommandExecutor.java:184)
	at org.openqa.selenium.remote.service.DriverCommandExecutor.invokeExecute(DriverCommandExecutor.java:167)
	at org.openqa.selenium.remote.service.DriverCommandExecutor.execute(DriverCommandExecutor.java:142)
	at org.openqa.selenium.remote.RemoteWebDriver.execute(RemoteWebDriver.java:567)
	at org.openqa.selenium.remote.ElementLocation$ElementFinder$2.findElement(ElementLocation.java:162)
	at org.openqa.selenium.remote.ElementLocation.findElement(ElementLocation.java:60)
	at org.openqa.selenium.remote.RemoteWebDriver.findElement(RemoteWebDriver.java:385)
	at org.openqa.selenium.remote.RemoteWebDriver.findElement(RemoteWebDriver.java:377)
	at stepDefinitions.D01_registerStepDef.success_login(D01_registerStepDef.java:54)
	at ✽.user could register successfully(file:///C:/Users/MAMO/IdeaProjects/demonopecommerce/src/main/resources/features/F01_register.feature:6)
]]></failure>
    </testcase>
    <testcase classname="user must be able to open site and push login" name="user could login with valid credentials" time="23.608">
        <system-out><![CDATA[When user navigate to login page............................................passed
Then user enter "momo@hotmail.com" and "MomoCompany"........................passed
Then user click login button................................................passed
]]></system-out>
    </testcase>
    <testcase classname="user must be able to open site and push on Currency" name="user could select currency" time="18.123">
        <system-out><![CDATA[When user navigate to home page and select currency.........................passed
]]></system-out>
    </testcase>
    <testcase classname="user must be able to open site and search" name="user could open site and search" time="21.902">
        <system-out><![CDATA[And user navigate to home page and search...................................passed
]]></system-out>
    </testcase>
    <testcase classname="hover on category" name="user could open site and hover" time="31.964">
        <system-out><![CDATA[When user hover in page and select sub category.............................passed
]]></system-out>
    </testcase>
    <testcase classname="user can push to slider" name="First Slider user could open site and push slider" time="14.174">
        <failure message="expected [https://demo.nopcommerce.com/nokia-lumia-1020] but found [https://demo.nopcommerce.com/]" type="java.lang.AssertionError"><![CDATA[When user push slider.......................................................passed
Then relative product is displayed..........................................failed

StackTrace:
java.lang.AssertionError: expected [https://demo.nopcommerce.com/nokia-lumia-1020] but found [https://demo.nopcommerce.com/]
	at org.testng.Assert.fail(Assert.java:110)
	at org.testng.Assert.failNotEquals(Assert.java:1413)
	at org.testng.Assert.assertEqualsImpl(Assert.java:149)
	at org.testng.Assert.assertEquals(Assert.java:131)
	at org.testng.Assert.assertEquals(Assert.java:655)
	at org.testng.Assert.assertEquals(Assert.java:665)
	at stepDefinitions.D06_homeSlidersStepDef.product_displayed(D06_homeSlidersStepDef.java:20)
	at ✽.relative product is displayed(file:///C:/Users/MAMO/IdeaProjects/demonopecommerce/src/main/resources/features/F06_homeSliders.feature:7)
]]></failure>
    </testcase>
    <testcase classname="user can push to slider" name="Second Slider user could open site and push slider" time="16.241">
        <failure message="expected [https://demo.nopcommerce.com/iphones6] but found [https://demo.nopcommerce.com/]" type="java.lang.AssertionError"><![CDATA[When user push second slider................................................passed
Then relative product second slider is displayed............................failed

StackTrace:
java.lang.AssertionError: expected [https://demo.nopcommerce.com/iphones6] but found [https://demo.nopcommerce.com/]
	at org.testng.Assert.fail(Assert.java:110)
	at org.testng.Assert.failNotEquals(Assert.java:1413)
	at org.testng.Assert.assertEqualsImpl(Assert.java:149)
	at org.testng.Assert.assertEquals(Assert.java:131)
	at org.testng.Assert.assertEquals(Assert.java:655)
	at org.testng.Assert.assertEquals(Assert.java:665)
	at stepDefinitions.D06_homeSlidersStepDef.product_second_displayed(D06_homeSlidersStepDef.java:39)
	at ✽.relative product second slider is displayed(file:///C:/Users/MAMO/IdeaProjects/demonopecommerce/src/main/resources/features/F06_homeSliders.feature:11)
]]></failure>
    </testcase>
    <testcase classname="user can push on followUs" name="user could open site and push follow us" time="35.158">
        <system-out><![CDATA[When user open facebook page................................................passed
Then facebook is opened or no...............................................passed
]]></system-out>
    </testcase>
    <testcase classname="user can push on followUs" name="user could open site and push follow us twitter" time="34.202">
        <system-out><![CDATA[When user open twitter page.................................................passed
Then twitter is opened in new tab...........................................passed
]]></system-out>
    </testcase>
    <testcase classname="user can push on followUs" name="user could open site and push follow rss" time="29.088">
        <system-out><![CDATA[When user open rss page.....................................................passed
Then rss is opened in new tab...............................................passed
]]></system-out>
    </testcase>
    <testcase classname="user can push on followUs" name="user could open site and push follow youtube" time="32.134">
        <system-out><![CDATA[When user open youtube page.................................................passed
Then youtube is opened in new tab...........................................passed
]]></system-out>
    </testcase>
    <testcase classname="Add product to wish list" name="user could open site add product to wish list" time="13.841">
        <system-out><![CDATA[When user push on add to wishlist...........................................passed
]]></system-out>
    </testcase>
    <testcase classname="Add product to shopping cart" name="user could open site add product to shopping cart" time="18.947">
        <system-out><![CDATA[When user navigate to product pages.........................................passed
Then user push on add to shopping cart......................................passed
]]></system-out>
    </testcase>
</testsuite>
